The system is: Darwin - 22.1.0 - x86_64
Compiling the C compiler identification source file "CMakeCCompilerId.c" succeeded.
Compiler: /usr/bin/clang 
Build flags: 
Id flags:  

The output was:
0


Compilation of the C compiler identification source "CMakeCCompilerId.c" produced "a.out"

The C compiler identification is AppleClang, found in "/Users/hritikbharucha/Desktop/C++/PleaseWork/build/CMakeFiles/3.25.2/CompilerIdC/a.out"

Compiling the CXX compiler identification source file "CMakeCXXCompilerId.cpp" succeeded.
Compiler: /usr/bin/clang++ 
Build flags: 
Id flags:  

The output was:
0


Compilation of the CXX compiler identification source "CMakeCXXCompilerId.cpp" produced "a.out"

The CXX compiler identification is AppleClang, found in "/Users/hritikbharucha/Desktop/C++/PleaseWork/build/CMakeFiles/3.25.2/CompilerIdCXX/a.out"

Detecting C compiler ABI info compiled with the following output:
Change Dir: /Users/hritikbharucha/Desktop/C++/PleaseWork/build/CMakeFiles/CMakeScratch/TryCompile-pyq5Ug

Run Build Command(s):/usr/bin/make -f Makefile cmTC_fe5ba/fast && /Library/Developer/CommandLineTools/usr/bin/make  -f CMakeFiles/cmTC_fe5ba.dir/build.make CMakeFiles/cmTC_fe5ba.dir/build
Building C object CMakeFiles/cmTC_fe5ba.dir/CMakeCCompilerABI.c.o
/usr/bin/clang   -isysroot /Library/Developer/CommandLineTools/SDKs/MacOSX13.1.sdk -mmacosx-version-min=13.0   -v -Wl,-v -MD -MT CMakeFiles/cmTC_fe5ba.dir/CMakeCCompilerABI.c.o -MF CMakeFiles/cmTC_fe5ba.dir/CMakeCCompilerABI.c.o.d -o CMakeFiles/cmTC_fe5ba.dir/CMakeCCompilerABI.c.o -c /usr/local/Cellar/cmake/3.25.2/share/cmake/Modules/CMakeCCompilerABI.c
Apple clang version 14.0.0 (clang-1400.0.29.202)
Target: x86_64-apple-darwin22.1.0
Thread model: posix
InstalledDir: /Library/Developer/CommandLineTools/usr/bin
clang: warning: -Wl,-v: 'linker' input unused [-Wunused-command-line-argument]
 "/Library/Developer/CommandLineTools/usr/bin/clang" -cc1 -triple x86_64-apple-macosx13.0.0 -Wundef-prefix=TARGET_OS_ -Wdeprecated-objc-isa-usage -Werror=deprecated-objc-isa-usage -Werror=implicit-function-declaration -emit-obj -mrelax-all --mrelax-relocations -disable-free -clear-ast-before-backend -disable-llvm-verifier -discard-value-names -main-file-name CMakeCCompilerABI.c -mrelocation-model pic -pic-level 2 -mframe-pointer=all -fno-strict-return -fno-rounding-math -funwind-tables=2 -target-sdk-version=13.1 -fvisibility-inlines-hidden-static-local-var -target-cpu penryn -tune-cpu generic -debugger-tuning=lldb -target-linker-version 820.1 -v -resource-dir /Library/Developer/CommandLineTools/usr/lib/clang/14.0.0 -dependency-file CMakeFiles/cmTC_fe5ba.dir/CMakeCCompilerABI.c.o.d -skip-unused-modulemap-deps -MT CMakeFiles/cmTC_fe5ba.dir/CMakeCCompilerABI.c.o -sys-header-deps -isysroot /Library/Developer/CommandLineTools/SDKs/MacOSX13.1.sdk -internal-isystem /Library/Developer/CommandLineTools/SDKs/MacOSX13.1.sdk/usr/local/include -internal-isystem /Library/Developer/CommandLineTools/usr/lib/clang/14.0.0/include -internal-externc-isystem /Library/Developer/CommandLineTools/SDKs/MacOSX13.1.sdk/usr/include -internal-externc-isystem /Library/Developer/CommandLineTools/usr/include -Wno-reorder-init-list -Wno-implicit-int-float-conversion -Wno-c99-designator -Wno-final-dtor-non-final-class -Wno-extra-semi-stmt -Wno-misleading-indentation -Wno-quoted-include-in-framework-header -Wno-implicit-fallthrough -Wno-enum-enum-conversion -Wno-enum-float-conversion -Wno-elaborated-enum-base -Wno-reserved-identifier -Wno-gnu-folding-constant -Wno-cast-function-type -Wno-bitwise-instead-of-logical -fdebug-compilation-dir=/Users/hritikbharucha/Desktop/C++/PleaseWork/build/CMakeFiles/CMakeScratch/TryCompile-pyq5Ug -ferror-limit 19 -stack-protector 1 -fstack-check -mdarwin-stkchk-strong-link -fblocks -fencode-extended-block-signature -fregister-global-dtors-with-atexit -fgnuc-version=4.2.1 -fmax-type-align=16 -fcommon -clang-vendor-feature=+messageToSelfInClassMethodIdReturnType -clang-vendor-feature=+disableInferNewAvailabilityFromInit -clang-vendor-feature=+disableNonDependentMemberExprInCurrentInstantiation -fno-odr-hash-protocols -clang-vendor-feature=+enableAggressiveVLAFolding -clang-vendor-feature=+revert09abecef7bbf -clang-vendor-feature=+thisNoAlignAttr -clang-vendor-feature=+thisNoNullAttr -mllvm -disable-aligned-alloc-awareness=1 -D__GCC_HAVE_DWARF2_CFI_ASM=1 -o CMakeFiles/cmTC_fe5ba.dir/CMakeCCompilerABI.c.o -x c /usr/local/Cellar/cmake/3.25.2/share/cmake/Modules/CMakeCCompilerABI.c
clang -cc1 version 14.0.0 (clang-1400.0.29.202) default target x86_64-apple-darwin22.1.0
ignoring nonexistent directory "/Library/Developer/CommandLineTools/SDKs/MacOSX13.1.sdk/usr/local/include"
ignoring nonexistent directory "/Library/Developer/CommandLineTools/SDKs/MacOSX13.1.sdk/Library/Frameworks"
#include "..." search starts here:
#include <...> search starts here:
 /Library/Developer/CommandLineTools/usr/lib/clang/14.0.0/include
 /Library/Developer/CommandLineTools/SDKs/MacOSX13.1.sdk/usr/include
 /Library/Developer/CommandLineTools/usr/include
 /Library/Developer/CommandLineTools/SDKs/MacOSX13.1.sdk/System/Library/Frameworks (framework directory)
End of search list.
Linking C executable cmTC_fe5ba
/usr/local/Cellar/cmake/3.25.2/bin/cmake -E cmake_link_script CMakeFiles/cmTC_fe5ba.dir/link.txt --verbose=1
/usr/bin/clang  -isysroot /Library/Developer/CommandLineTools/SDKs/MacOSX13.1.sdk -mmacosx-version-min=13.0 -Wl,-search_paths_first -Wl,-headerpad_max_install_names  -v -Wl,-v CMakeFiles/cmTC_fe5ba.dir/CMakeCCompilerABI.c.o -o cmTC_fe5ba 
Apple clang version 14.0.0 (clang-1400.0.29.202)
Target: x86_64-apple-darwin22.1.0
Thread model: posix
InstalledDir: /Library/Developer/CommandLineTools/usr/bin
 "/Library/Developer/CommandLineTools/usr/bin/ld" -demangle -lto_library /Library/Developer/CommandLineTools/usr/lib/libLTO.dylib -dynamic -arch x86_64 -platform_version macos 13.0.0 13.1 -syslibroot /Library/Developer/CommandLineTools/SDKs/MacOSX13.1.sdk -o cmTC_fe5ba -search_paths_first -headerpad_max_install_names -v CMakeFiles/cmTC_fe5ba.dir/CMakeCCompilerABI.c.o -lSystem /Library/Developer/CommandLineTools/usr/lib/clang/14.0.0/lib/darwin/libclang_rt.osx.a
@(#)PROGRAM:ld  PROJECT:ld64-820.1
BUILD 20:07:01 Nov  7 2022
configured to support archs: armv6 armv7 armv7s arm64 arm64e arm64_32 i386 x86_64 x86_64h armv6m armv7k armv7m armv7em
Library search paths:
	/Library/Developer/CommandLineTools/SDKs/MacOSX13.1.sdk/usr/lib
Framework search paths:
	/Library/Developer/CommandLineTools/SDKs/MacOSX13.1.sdk/System/Library/Frameworks/



Parsed C implicit include dir info from above output: rv=done
  found start of include info
  found start of implicit include info
    add: [/Library/Developer/CommandLineTools/usr/lib/clang/14.0.0/include]
    add: [/Library/Developer/CommandLineTools/SDKs/MacOSX13.1.sdk/usr/include]
    add: [/Library/Developer/CommandLineTools/usr/include]
  end of search list found
  collapse include dir [/Library/Developer/CommandLineTools/usr/lib/clang/14.0.0/include] ==> [/Library/Developer/CommandLineTools/usr/lib/clang/14.0.0/include]
  collapse include dir [/Library/Developer/CommandLineTools/SDKs/MacOSX13.1.sdk/usr/include] ==> [/Library/Developer/CommandLineTools/SDKs/MacOSX13.1.sdk/usr/include]
  collapse include dir [/Library/Developer/CommandLineTools/usr/include] ==> [/Library/Developer/CommandLineTools/usr/include]
  implicit include dirs: [/Library/Developer/CommandLineTools/usr/lib/clang/14.0.0/include;/Library/Developer/CommandLineTools/SDKs/MacOSX13.1.sdk/usr/include;/Library/Developer/CommandLineTools/usr/include]


Parsed C implicit link information from above output:
  link line regex: [^( *|.*[/\])(ld|CMAKE_LINK_STARTFILE-NOTFOUND|([^/\]+-)?ld|collect2)[^/\]*( |$)]
  ignore line: [Change Dir: /Users/hritikbharucha/Desktop/C++/PleaseWork/build/CMakeFiles/CMakeScratch/TryCompile-pyq5Ug]
  ignore line: []
  ignore line: [Run Build Command(s):/usr/bin/make -f Makefile cmTC_fe5ba/fast && /Library/Developer/CommandLineTools/usr/bin/make  -f CMakeFiles/cmTC_fe5ba.dir/build.make CMakeFiles/cmTC_fe5ba.dir/build]
  ignore line: [Building C object CMakeFiles/cmTC_fe5ba.dir/CMakeCCompilerABI.c.o]
  ignore line: [/usr/bin/clang   -isysroot /Library/Developer/CommandLineTools/SDKs/MacOSX13.1.sdk -mmacosx-version-min=13.0   -v -Wl -v -MD -MT CMakeFiles/cmTC_fe5ba.dir/CMakeCCompilerABI.c.o -MF CMakeFiles/cmTC_fe5ba.dir/CMakeCCompilerABI.c.o.d -o CMakeFiles/cmTC_fe5ba.dir/CMakeCCompilerABI.c.o -c /usr/local/Cellar/cmake/3.25.2/share/cmake/Modules/CMakeCCompilerABI.c]
  ignore line: [Apple clang version 14.0.0 (clang-1400.0.29.202)]
  ignore line: [Target: x86_64-apple-darwin22.1.0]
  ignore line: [Thread model: posix]
  ignore line: [InstalledDir: /Library/Developer/CommandLineTools/usr/bin]
  ignore line: [clang: warning: -Wl -v: 'linker' input unused [-Wunused-command-line-argument]]
  ignore line: [ "/Library/Developer/CommandLineTools/usr/bin/clang" -cc1 -triple x86_64-apple-macosx13.0.0 -Wundef-prefix=TARGET_OS_ -Wdeprecated-objc-isa-usage -Werror=deprecated-objc-isa-usage -Werror=implicit-function-declaration -emit-obj -mrelax-all --mrelax-relocations -disable-free -clear-ast-before-backend -disable-llvm-verifier -discard-value-names -main-file-name CMakeCCompilerABI.c -mrelocation-model pic -pic-level 2 -mframe-pointer=all -fno-strict-return -fno-rounding-math -funwind-tables=2 -target-sdk-version=13.1 -fvisibility-inlines-hidden-static-local-var -target-cpu penryn -tune-cpu generic -debugger-tuning=lldb -target-linker-version 820.1 -v -resource-dir /Library/Developer/CommandLineTools/usr/lib/clang/14.0.0 -dependency-file CMakeFiles/cmTC_fe5ba.dir/CMakeCCompilerABI.c.o.d -skip-unused-modulemap-deps -MT CMakeFiles/cmTC_fe5ba.dir/CMakeCCompilerABI.c.o -sys-header-deps -isysroot /Library/Developer/CommandLineTools/SDKs/MacOSX13.1.sdk -internal-isystem /Library/Developer/CommandLineTools/SDKs/MacOSX13.1.sdk/usr/local/include -internal-isystem /Library/Developer/CommandLineTools/usr/lib/clang/14.0.0/include -internal-externc-isystem /Library/Developer/CommandLineTools/SDKs/MacOSX13.1.sdk/usr/include -internal-externc-isystem /Library/Developer/CommandLineTools/usr/include -Wno-reorder-init-list -Wno-implicit-int-float-conversion -Wno-c99-designator -Wno-final-dtor-non-final-class -Wno-extra-semi-stmt -Wno-misleading-indentation -Wno-quoted-include-in-framework-header -Wno-implicit-fallthrough -Wno-enum-enum-conversion -Wno-enum-float-conversion -Wno-elaborated-enum-base -Wno-reserved-identifier -Wno-gnu-folding-constant -Wno-cast-function-type -Wno-bitwise-instead-of-logical -fdebug-compilation-dir=/Users/hritikbharucha/Desktop/C++/PleaseWork/build/CMakeFiles/CMakeScratch/TryCompile-pyq5Ug -ferror-limit 19 -stack-protector 1 -fstack-check -mdarwin-stkchk-strong-link -fblocks -fencode-extended-block-signature -fregister-global-dtors-with-atexit -fgnuc-version=4.2.1 -fmax-type-align=16 -fcommon -clang-vendor-feature=+messageToSelfInClassMethodIdReturnType -clang-vendor-feature=+disableInferNewAvailabilityFromInit -clang-vendor-feature=+disableNonDependentMemberExprInCurrentInstantiation -fno-odr-hash-protocols -clang-vendor-feature=+enableAggressiveVLAFolding -clang-vendor-feature=+revert09abecef7bbf -clang-vendor-feature=+thisNoAlignAttr -clang-vendor-feature=+thisNoNullAttr -mllvm -disable-aligned-alloc-awareness=1 -D__GCC_HAVE_DWARF2_CFI_ASM=1 -o CMakeFiles/cmTC_fe5ba.dir/CMakeCCompilerABI.c.o -x c /usr/local/Cellar/cmake/3.25.2/share/cmake/Modules/CMakeCCompilerABI.c]
  ignore line: [clang -cc1 version 14.0.0 (clang-1400.0.29.202) default target x86_64-apple-darwin22.1.0]
  ignore line: [ignoring nonexistent directory "/Library/Developer/CommandLineTools/SDKs/MacOSX13.1.sdk/usr/local/include"]
  ignore line: [ignoring nonexistent directory "/Library/Developer/CommandLineTools/SDKs/MacOSX13.1.sdk/Library/Frameworks"]
  ignore line: [#include "..." search starts here:]
  ignore line: [#include <...> search starts here:]
  ignore line: [ /Library/Developer/CommandLineTools/usr/lib/clang/14.0.0/include]
  ignore line: [ /Library/Developer/CommandLineTools/SDKs/MacOSX13.1.sdk/usr/include]
  ignore line: [ /Library/Developer/CommandLineTools/usr/include]
  ignore line: [ /Library/Developer/CommandLineTools/SDKs/MacOSX13.1.sdk/System/Library/Frameworks (framework directory)]
  ignore line: [End of search list.]
  ignore line: [Linking C executable cmTC_fe5ba]
  ignore line: [/usr/local/Cellar/cmake/3.25.2/bin/cmake -E cmake_link_script CMakeFiles/cmTC_fe5ba.dir/link.txt --verbose=1]
  ignore line: [/usr/bin/clang  -isysroot /Library/Developer/CommandLineTools/SDKs/MacOSX13.1.sdk -mmacosx-version-min=13.0 -Wl -search_paths_first -Wl -headerpad_max_install_names  -v -Wl -v CMakeFiles/cmTC_fe5ba.dir/CMakeCCompilerABI.c.o -o cmTC_fe5ba ]
  ignore line: [Apple clang version 14.0.0 (clang-1400.0.29.202)]
  ignore line: [Target: x86_64-apple-darwin22.1.0]
  ignore line: [Thread model: posix]
  ignore line: [InstalledDir: /Library/Developer/CommandLineTools/usr/bin]
  link line: [ "/Library/Developer/CommandLineTools/usr/bin/ld" -demangle -lto_library /Library/Developer/CommandLineTools/usr/lib/libLTO.dylib -dynamic -arch x86_64 -platform_version macos 13.0.0 13.1 -syslibroot /Library/Developer/CommandLineTools/SDKs/MacOSX13.1.sdk -o cmTC_fe5ba -search_paths_first -headerpad_max_install_names -v CMakeFiles/cmTC_fe5ba.dir/CMakeCCompilerABI.c.o -lSystem /Library/Developer/CommandLineTools/usr/lib/clang/14.0.0/lib/darwin/libclang_rt.osx.a]
    arg [/Library/Developer/CommandLineTools/usr/bin/ld] ==> ignore
    arg [-demangle] ==> ignore
    arg [-lto_library] ==> ignore, skip following value
    arg [/Library/Developer/CommandLineTools/usr/lib/libLTO.dylib] ==> skip value of -lto_library
    arg [-dynamic] ==> ignore
    arg [-arch] ==> ignore
    arg [x86_64] ==> ignore
    arg [-platform_version] ==> ignore
    arg [macos] ==> ignore
    arg [13.0.0] ==> ignore
    arg [13.1] ==> ignore
    arg [-syslibroot] ==> ignore
    arg [/Library/Developer/CommandLineTools/SDKs/MacOSX13.1.sdk] ==> ignore
    arg [-o] ==> ignore
    arg [cmTC_fe5ba] ==> ignore
    arg [-search_paths_first] ==> ignore
    arg [-headerpad_max_install_names] ==> ignore
    arg [-v] ==> ignore
    arg [CMakeFiles/cmTC_fe5ba.dir/CMakeCCompilerABI.c.o] ==> ignore
    arg [-lSystem] ==> lib [System]
    arg [/Library/Developer/CommandLineTools/usr/lib/clang/14.0.0/lib/darwin/libclang_rt.osx.a] ==> lib [/Library/Developer/CommandLineTools/usr/lib/clang/14.0.0/lib/darwin/libclang_rt.osx.a]
  Library search paths: [;/Library/Developer/CommandLineTools/SDKs/MacOSX13.1.sdk/usr/lib]
  Framework search paths: [;/Library/Developer/CommandLineTools/SDKs/MacOSX13.1.sdk/System/Library/Frameworks/]
  remove lib [System]
  remove lib [/Library/Developer/CommandLineTools/usr/lib/clang/14.0.0/lib/darwin/libclang_rt.osx.a]
  collapse library dir [/Library/Developer/CommandLineTools/SDKs/MacOSX13.1.sdk/usr/lib] ==> [/Library/Developer/CommandLineTools/SDKs/MacOSX13.1.sdk/usr/lib]
  collapse framework dir [/Library/Developer/CommandLineTools/SDKs/MacOSX13.1.sdk/System/Library/Frameworks/] ==> [/Library/Developer/CommandLineTools/SDKs/MacOSX13.1.sdk/System/Library/Frameworks]
  implicit libs: []
  implicit objs: []
  implicit dirs: [/Library/Developer/CommandLineTools/SDKs/MacOSX13.1.sdk/usr/lib]
  implicit fwks: [/Library/Developer/CommandLineTools/SDKs/MacOSX13.1.sdk/System/Library/Frameworks]


Detecting CXX compiler ABI info compiled with the following output:
Change Dir: /Users/hritikbharucha/Desktop/C++/PleaseWork/build/CMakeFiles/CMakeScratch/TryCompile-XTJvmI

Run Build Command(s):/usr/bin/make -f Makefile cmTC_2a04d/fast && /Library/Developer/CommandLineTools/usr/bin/make  -f CMakeFiles/cmTC_2a04d.dir/build.make CMakeFiles/cmTC_2a04d.dir/build
Building CXX object CMakeFiles/cmTC_2a04d.dir/CMakeCXXCompilerABI.cpp.o
/usr/bin/clang++   -isysroot /Library/Developer/CommandLineTools/SDKs/MacOSX13.1.sdk -mmacosx-version-min=13.0   -v -Wl,-v -MD -MT CMakeFiles/cmTC_2a04d.dir/CMakeCXXCompilerABI.cpp.o -MF CMakeFiles/cmTC_2a04d.dir/CMakeCXXCompilerABI.cpp.o.d -o CMakeFiles/cmTC_2a04d.dir/CMakeCXXCompilerABI.cpp.o -c /usr/local/Cellar/cmake/3.25.2/share/cmake/Modules/CMakeCXXCompilerABI.cpp
Apple clang version 14.0.0 (clang-1400.0.29.202)
Target: x86_64-apple-darwin22.1.0
Thread model: posix
InstalledDir: /Library/Developer/CommandLineTools/usr/bin
clang: warning: -Wl,-v: 'linker' input unused [-Wunused-command-line-argument]
 "/Library/Developer/CommandLineTools/usr/bin/clang" -cc1 -triple x86_64-apple-macosx13.0.0 -Wundef-prefix=TARGET_OS_ -Wdeprecated-objc-isa-usage -Werror=deprecated-objc-isa-usage -Werror=implicit-function-declaration -emit-obj -mrelax-all --mrelax-relocations -disable-free -clear-ast-before-backend -disable-llvm-verifier -discard-value-names -main-file-name CMakeCXXCompilerABI.cpp -mrelocation-model pic -pic-level 2 -mframe-pointer=all -fno-strict-return -fno-rounding-math -funwind-tables=2 -target-sdk-version=13.1 -fvisibility-inlines-hidden-static-local-var -target-cpu penryn -tune-cpu generic -debugger-tuning=lldb -target-linker-version 820.1 -v -resource-dir /Library/Developer/CommandLineTools/usr/lib/clang/14.0.0 -dependency-file CMakeFiles/cmTC_2a04d.dir/CMakeCXXCompilerABI.cpp.o.d -skip-unused-modulemap-deps -MT CMakeFiles/cmTC_2a04d.dir/CMakeCXXCompilerABI.cpp.o -sys-header-deps -isysroot /Library/Developer/CommandLineTools/SDKs/MacOSX13.1.sdk -stdlib=libc++ -internal-isystem /Library/Developer/CommandLineTools/SDKs/MacOSX13.1.sdk/usr/include/c++/v1 -internal-isystem /Library/Developer/CommandLineTools/SDKs/MacOSX13.1.sdk/usr/local/include -internal-isystem /Library/Developer/CommandLineTools/usr/lib/clang/14.0.0/include -internal-externc-isystem /Library/Developer/CommandLineTools/SDKs/MacOSX13.1.sdk/usr/include -internal-externc-isystem /Library/Developer/CommandLineTools/usr/include -Wno-reorder-init-list -Wno-implicit-int-float-conversion -Wno-c99-designator -Wno-final-dtor-non-final-class -Wno-extra-semi-stmt -Wno-misleading-indentation -Wno-quoted-include-in-framework-header -Wno-implicit-fallthrough -Wno-enum-enum-conversion -Wno-enum-float-conversion -Wno-elaborated-enum-base -Wno-reserved-identifier -Wno-gnu-folding-constant -Wno-cast-function-type -Wno-bitwise-instead-of-logical -fdeprecated-macro -fdebug-compilation-dir=/Users/hritikbharucha/Desktop/C++/PleaseWork/build/CMakeFiles/CMakeScratch/TryCompile-XTJvmI -ferror-limit 19 -stack-protector 1 -fstack-check -mdarwin-stkchk-strong-link -fblocks -fencode-extended-block-signature -fregister-global-dtors-with-atexit -fgnuc-version=4.2.1 -fno-cxx-modules -fcxx-exceptions -fexceptions -fmax-type-align=16 -fcommon -clang-vendor-feature=+messageToSelfInClassMethodIdReturnType -clang-vendor-feature=+disableInferNewAvailabilityFromInit -clang-vendor-feature=+disableNonDependentMemberExprInCurrentInstantiation -fno-odr-hash-protocols -clang-vendor-feature=+enableAggressiveVLAFolding -clang-vendor-feature=+revert09abecef7bbf -clang-vendor-feature=+thisNoAlignAttr -clang-vendor-feature=+thisNoNullAttr -mllvm -disable-aligned-alloc-awareness=1 -D__GCC_HAVE_DWARF2_CFI_ASM=1 -o CMakeFiles/cmTC_2a04d.dir/CMakeCXXCompilerABI.cpp.o -x c++ /usr/local/Cellar/cmake/3.25.2/share/cmake/Modules/CMakeCXXCompilerABI.cpp
clang -cc1 version 14.0.0 (clang-1400.0.29.202) default target x86_64-apple-darwin22.1.0
ignoring nonexistent directory "/Library/Developer/CommandLineTools/SDKs/MacOSX13.1.sdk/usr/local/include"
ignoring nonexistent directory "/Library/Developer/CommandLineTools/SDKs/MacOSX13.1.sdk/Library/Frameworks"
#include "..." search starts here:
#include <...> search starts here:
 /Library/Developer/CommandLineTools/SDKs/MacOSX13.1.sdk/usr/include/c++/v1
 /Library/Developer/CommandLineTools/usr/lib/clang/14.0.0/include
 /Library/Developer/CommandLineTools/SDKs/MacOSX13.1.sdk/usr/include
 /Library/Developer/CommandLineTools/usr/include
 /Library/Developer/CommandLineTools/SDKs/MacOSX13.1.sdk/System/Library/Frameworks (framework directory)
End of search list.
Linking CXX executable cmTC_2a04d
/usr/local/Cellar/cmake/3.25.2/bin/cmake -E cmake_link_script CMakeFiles/cmTC_2a04d.dir/link.txt --verbose=1
/usr/bin/clang++  -isysroot /Library/Developer/CommandLineTools/SDKs/MacOSX13.1.sdk -mmacosx-version-min=13.0 -Wl,-search_paths_first -Wl,-headerpad_max_install_names  -v -Wl,-v CMakeFiles/cmTC_2a04d.dir/CMakeCXXCompilerABI.cpp.o -o cmTC_2a04d 
Apple clang version 14.0.0 (clang-1400.0.29.202)
Target: x86_64-apple-darwin22.1.0
Thread model: posix
InstalledDir: /Library/Developer/CommandLineTools/usr/bin
 "/Library/Developer/CommandLineTools/usr/bin/ld" -demangle -lto_library /Library/Developer/CommandLineTools/usr/lib/libLTO.dylib -dynamic -arch x86_64 -platform_version macos 13.0.0 13.1 -syslibroot /Library/Developer/CommandLineTools/SDKs/MacOSX13.1.sdk -o cmTC_2a04d -search_paths_first -headerpad_max_install_names -v CMakeFiles/cmTC_2a04d.dir/CMakeCXXCompilerABI.cpp.o -lc++ -lSystem /Library/Developer/CommandLineTools/usr/lib/clang/14.0.0/lib/darwin/libclang_rt.osx.a
@(#)PROGRAM:ld  PROJECT:ld64-820.1
BUILD 20:07:01 Nov  7 2022
configured to support archs: armv6 armv7 armv7s arm64 arm64e arm64_32 i386 x86_64 x86_64h armv6m armv7k armv7m armv7em
Library search paths:
	/Library/Developer/CommandLineTools/SDKs/MacOSX13.1.sdk/usr/lib
Framework search paths:
	/Library/Developer/CommandLineTools/SDKs/MacOSX13.1.sdk/System/Library/Frameworks/



Parsed CXX implicit include dir info from above output: rv=done
  found start of include info
  found start of implicit include info
    add: [/Library/Developer/CommandLineTools/SDKs/MacOSX13.1.sdk/usr/include/c++/v1]
    add: [/Library/Developer/CommandLineTools/usr/lib/clang/14.0.0/include]
    add: [/Library/Developer/CommandLineTools/SDKs/MacOSX13.1.sdk/usr/include]
    add: [/Library/Developer/CommandLineTools/usr/include]
  end of search list found
  collapse include dir [/Library/Developer/CommandLineTools/SDKs/MacOSX13.1.sdk/usr/include/c++/v1] ==> [/Library/Developer/CommandLineTools/SDKs/MacOSX13.1.sdk/usr/include/c++/v1]
  collapse include dir [/Library/Developer/CommandLineTools/usr/lib/clang/14.0.0/include] ==> [/Library/Developer/CommandLineTools/usr/lib/clang/14.0.0/include]
  collapse include dir [/Library/Developer/CommandLineTools/SDKs/MacOSX13.1.sdk/usr/include] ==> [/Library/Developer/CommandLineTools/SDKs/MacOSX13.1.sdk/usr/include]
  collapse include dir [/Library/Developer/CommandLineTools/usr/include] ==> [/Library/Developer/CommandLineTools/usr/include]
  implicit include dirs: [/Library/Developer/CommandLineTools/SDKs/MacOSX13.1.sdk/usr/include/c++/v1;/Library/Developer/CommandLineTools/usr/lib/clang/14.0.0/include;/Library/Developer/CommandLineTools/SDKs/MacOSX13.1.sdk/usr/include;/Library/Developer/CommandLineTools/usr/include]


Parsed CXX implicit link information from above output:
  link line regex: [^( *|.*[/\])(ld|CMAKE_LINK_STARTFILE-NOTFOUND|([^/\]+-)?ld|collect2)[^/\]*( |$)]
  ignore line: [Change Dir: /Users/hritikbharucha/Desktop/C++/PleaseWork/build/CMakeFiles/CMakeScratch/TryCompile-XTJvmI]
  ignore line: []
  ignore line: [Run Build Command(s):/usr/bin/make -f Makefile cmTC_2a04d/fast && /Library/Developer/CommandLineTools/usr/bin/make  -f CMakeFiles/cmTC_2a04d.dir/build.make CMakeFiles/cmTC_2a04d.dir/build]
  ignore line: [Building CXX object CMakeFiles/cmTC_2a04d.dir/CMakeCXXCompilerABI.cpp.o]
  ignore line: [/usr/bin/clang++   -isysroot /Library/Developer/CommandLineTools/SDKs/MacOSX13.1.sdk -mmacosx-version-min=13.0   -v -Wl -v -MD -MT CMakeFiles/cmTC_2a04d.dir/CMakeCXXCompilerABI.cpp.o -MF CMakeFiles/cmTC_2a04d.dir/CMakeCXXCompilerABI.cpp.o.d -o CMakeFiles/cmTC_2a04d.dir/CMakeCXXCompilerABI.cpp.o -c /usr/local/Cellar/cmake/3.25.2/share/cmake/Modules/CMakeCXXCompilerABI.cpp]
  ignore line: [Apple clang version 14.0.0 (clang-1400.0.29.202)]
  ignore line: [Target: x86_64-apple-darwin22.1.0]
  ignore line: [Thread model: posix]
  ignore line: [InstalledDir: /Library/Developer/CommandLineTools/usr/bin]
  ignore line: [clang: warning: -Wl -v: 'linker' input unused [-Wunused-command-line-argument]]
  ignore line: [ "/Library/Developer/CommandLineTools/usr/bin/clang" -cc1 -triple x86_64-apple-macosx13.0.0 -Wundef-prefix=TARGET_OS_ -Wdeprecated-objc-isa-usage -Werror=deprecated-objc-isa-usage -Werror=implicit-function-declaration -emit-obj -mrelax-all --mrelax-relocations -disable-free -clear-ast-before-backend -disable-llvm-verifier -discard-value-names -main-file-name CMakeCXXCompilerABI.cpp -mrelocation-model pic -pic-level 2 -mframe-pointer=all -fno-strict-return -fno-rounding-math -funwind-tables=2 -target-sdk-version=13.1 -fvisibility-inlines-hidden-static-local-var -target-cpu penryn -tune-cpu generic -debugger-tuning=lldb -target-linker-version 820.1 -v -resource-dir /Library/Developer/CommandLineTools/usr/lib/clang/14.0.0 -dependency-file CMakeFiles/cmTC_2a04d.dir/CMakeCXXCompilerABI.cpp.o.d -skip-unused-modulemap-deps -MT CMakeFiles/cmTC_2a04d.dir/CMakeCXXCompilerABI.cpp.o -sys-header-deps -isysroot /Library/Developer/CommandLineTools/SDKs/MacOSX13.1.sdk -stdlib=libc++ -internal-isystem /Library/Developer/CommandLineTools/SDKs/MacOSX13.1.sdk/usr/include/c++/v1 -internal-isystem /Library/Developer/CommandLineTools/SDKs/MacOSX13.1.sdk/usr/local/include -internal-isystem /Library/Developer/CommandLineTools/usr/lib/clang/14.0.0/include -internal-externc-isystem /Library/Developer/CommandLineTools/SDKs/MacOSX13.1.sdk/usr/include -internal-externc-isystem /Library/Developer/CommandLineTools/usr/include -Wno-reorder-init-list -Wno-implicit-int-float-conversion -Wno-c99-designator -Wno-final-dtor-non-final-class -Wno-extra-semi-stmt -Wno-misleading-indentation -Wno-quoted-include-in-framework-header -Wno-implicit-fallthrough -Wno-enum-enum-conversion -Wno-enum-float-conversion -Wno-elaborated-enum-base -Wno-reserved-identifier -Wno-gnu-folding-constant -Wno-cast-function-type -Wno-bitwise-instead-of-logical -fdeprecated-macro -fdebug-compilation-dir=/Users/hritikbharucha/Desktop/C++/PleaseWork/build/CMakeFiles/CMakeScratch/TryCompile-XTJvmI -ferror-limit 19 -stack-protector 1 -fstack-check -mdarwin-stkchk-strong-link -fblocks -fencode-extended-block-signature -fregister-global-dtors-with-atexit -fgnuc-version=4.2.1 -fno-cxx-modules -fcxx-exceptions -fexceptions -fmax-type-align=16 -fcommon -clang-vendor-feature=+messageToSelfInClassMethodIdReturnType -clang-vendor-feature=+disableInferNewAvailabilityFromInit -clang-vendor-feature=+disableNonDependentMemberExprInCurrentInstantiation -fno-odr-hash-protocols -clang-vendor-feature=+enableAggressiveVLAFolding -clang-vendor-feature=+revert09abecef7bbf -clang-vendor-feature=+thisNoAlignAttr -clang-vendor-feature=+thisNoNullAttr -mllvm -disable-aligned-alloc-awareness=1 -D__GCC_HAVE_DWARF2_CFI_ASM=1 -o CMakeFiles/cmTC_2a04d.dir/CMakeCXXCompilerABI.cpp.o -x c++ /usr/local/Cellar/cmake/3.25.2/share/cmake/Modules/CMakeCXXCompilerABI.cpp]
  ignore line: [clang -cc1 version 14.0.0 (clang-1400.0.29.202) default target x86_64-apple-darwin22.1.0]
  ignore line: [ignoring nonexistent directory "/Library/Developer/CommandLineTools/SDKs/MacOSX13.1.sdk/usr/local/include"]
  ignore line: [ignoring nonexistent directory "/Library/Developer/CommandLineTools/SDKs/MacOSX13.1.sdk/Library/Frameworks"]
  ignore line: [#include "..." search starts here:]
  ignore line: [#include <...> search starts here:]
  ignore line: [ /Library/Developer/CommandLineTools/SDKs/MacOSX13.1.sdk/usr/include/c++/v1]
  ignore line: [ /Library/Developer/CommandLineTools/usr/lib/clang/14.0.0/include]
  ignore line: [ /Library/Developer/CommandLineTools/SDKs/MacOSX13.1.sdk/usr/include]
  ignore line: [ /Library/Developer/CommandLineTools/usr/include]
  ignore line: [ /Library/Developer/CommandLineTools/SDKs/MacOSX13.1.sdk/System/Library/Frameworks (framework directory)]
  ignore line: [End of search list.]
  ignore line: [Linking CXX executable cmTC_2a04d]
  ignore line: [/usr/local/Cellar/cmake/3.25.2/bin/cmake -E cmake_link_script CMakeFiles/cmTC_2a04d.dir/link.txt --verbose=1]
  ignore line: [/usr/bin/clang++  -isysroot /Library/Developer/CommandLineTools/SDKs/MacOSX13.1.sdk -mmacosx-version-min=13.0 -Wl -search_paths_first -Wl -headerpad_max_install_names  -v -Wl -v CMakeFiles/cmTC_2a04d.dir/CMakeCXXCompilerABI.cpp.o -o cmTC_2a04d ]
  ignore line: [Apple clang version 14.0.0 (clang-1400.0.29.202)]
  ignore line: [Target: x86_64-apple-darwin22.1.0]
  ignore line: [Thread model: posix]
  ignore line: [InstalledDir: /Library/Developer/CommandLineTools/usr/bin]
  link line: [ "/Library/Developer/CommandLineTools/usr/bin/ld" -demangle -lto_library /Library/Developer/CommandLineTools/usr/lib/libLTO.dylib -dynamic -arch x86_64 -platform_version macos 13.0.0 13.1 -syslibroot /Library/Developer/CommandLineTools/SDKs/MacOSX13.1.sdk -o cmTC_2a04d -search_paths_first -headerpad_max_install_names -v CMakeFiles/cmTC_2a04d.dir/CMakeCXXCompilerABI.cpp.o -lc++ -lSystem /Library/Developer/CommandLineTools/usr/lib/clang/14.0.0/lib/darwin/libclang_rt.osx.a]
    arg [/Library/Developer/CommandLineTools/usr/bin/ld] ==> ignore
    arg [-demangle] ==> ignore
    arg [-lto_library] ==> ignore, skip following value
    arg [/Library/Developer/CommandLineTools/usr/lib/libLTO.dylib] ==> skip value of -lto_library
    arg [-dynamic] ==> ignore
    arg [-arch] ==> ignore
    arg [x86_64] ==> ignore
    arg [-platform_version] ==> ignore
    arg [macos] ==> ignore
    arg [13.0.0] ==> ignore
    arg [13.1] ==> ignore
    arg [-syslibroot] ==> ignore
    arg [/Library/Developer/CommandLineTools/SDKs/MacOSX13.1.sdk] ==> ignore
    arg [-o] ==> ignore
    arg [cmTC_2a04d] ==> ignore
    arg [-search_paths_first] ==> ignore
    arg [-headerpad_max_install_names] ==> ignore
    arg [-v] ==> ignore
    arg [CMakeFiles/cmTC_2a04d.dir/CMakeCXXCompilerABI.cpp.o] ==> ignore
    arg [-lc++] ==> lib [c++]
    arg [-lSystem] ==> lib [System]
    arg [/Library/Developer/CommandLineTools/usr/lib/clang/14.0.0/lib/darwin/libclang_rt.osx.a] ==> lib [/Library/Developer/CommandLineTools/usr/lib/clang/14.0.0/lib/darwin/libclang_rt.osx.a]
  Library search paths: [;/Library/Developer/CommandLineTools/SDKs/MacOSX13.1.sdk/usr/lib]
  Framework search paths: [;/Library/Developer/CommandLineTools/SDKs/MacOSX13.1.sdk/System/Library/Frameworks/]
  remove lib [System]
  remove lib [/Library/Developer/CommandLineTools/usr/lib/clang/14.0.0/lib/darwin/libclang_rt.osx.a]
  collapse library dir [/Library/Developer/CommandLineTools/SDKs/MacOSX13.1.sdk/usr/lib] ==> [/Library/Developer/CommandLineTools/SDKs/MacOSX13.1.sdk/usr/lib]
  collapse framework dir [/Library/Developer/CommandLineTools/SDKs/MacOSX13.1.sdk/System/Library/Frameworks/] ==> [/Library/Developer/CommandLineTools/SDKs/MacOSX13.1.sdk/System/Library/Frameworks]
  implicit libs: [c++]
  implicit objs: []
  implicit dirs: [/Library/Developer/CommandLineTools/SDKs/MacOSX13.1.sdk/usr/lib]
  implicit fwks: [/Library/Developer/CommandLineTools/SDKs/MacOSX13.1.sdk/System/Library/Frameworks]


Performing C SOURCE FILE Test CMAKE_HAVE_LIBC_PTHREAD succeeded with the following output:
Change Dir: /Users/hritikbharucha/Desktop/C++/PleaseWork/build/CMakeFiles/CMakeScratch/TryCompile-JVl8K4

Run Build Command(s):/usr/bin/make -f Makefile cmTC_dfc09/fast && /Library/Developer/CommandLineTools/usr/bin/make  -f CMakeFiles/cmTC_dfc09.dir/build.make CMakeFiles/cmTC_dfc09.dir/build
Building C object CMakeFiles/cmTC_dfc09.dir/src.c.o
/usr/bin/clang -DCMAKE_HAVE_LIBC_PTHREAD  -isysroot /Library/Developer/CommandLineTools/SDKs/MacOSX13.1.sdk -mmacosx-version-min=13.0 -MD -MT CMakeFiles/cmTC_dfc09.dir/src.c.o -MF CMakeFiles/cmTC_dfc09.dir/src.c.o.d -o CMakeFiles/cmTC_dfc09.dir/src.c.o -c /Users/hritikbharucha/Desktop/C++/PleaseWork/build/CMakeFiles/CMakeScratch/TryCompile-JVl8K4/src.c
Linking C executable cmTC_dfc09
/usr/local/Cellar/cmake/3.25.2/bin/cmake -E cmake_link_script CMakeFiles/cmTC_dfc09.dir/link.txt --verbose=1
/usr/bin/clang  -isysroot /Library/Developer/CommandLineTools/SDKs/MacOSX13.1.sdk -mmacosx-version-min=13.0 -Wl,-search_paths_first -Wl,-headerpad_max_install_names CMakeFiles/cmTC_dfc09.dir/src.c.o -o cmTC_dfc09 


Source file was:
#include <pthread.h>

static void* test_func(void* data)
{
  return data;
}

int main(void)
{
  pthread_t thread;
  pthread_create(&thread, NULL, test_func, NULL);
  pthread_detach(thread);
  pthread_cancel(thread);
  pthread_join(thread, NULL);
  pthread_atfork(NULL, NULL, NULL);
  pthread_exit(NULL);

  return 0;
}


Performing C++ SOURCE FILE Test HAVE_STDATOMIC succeeded with the following output:
Change Dir: /Users/hritikbharucha/Desktop/C++/PleaseWork/build/CMakeFiles/CMakeScratch/TryCompile-YP3Vr9

Run Build Command(s):/usr/bin/make -f Makefile cmTC_39e8f/fast && /Library/Developer/CommandLineTools/usr/bin/make  -f CMakeFiles/cmTC_39e8f.dir/build.make CMakeFiles/cmTC_39e8f.dir/build
Building CXX object CMakeFiles/cmTC_39e8f.dir/src.cxx.o
/usr/bin/clang++ -DHAVE_STDATOMIC  -Wall -Wextra -Werror  -isysroot /Library/Developer/CommandLineTools/SDKs/MacOSX13.1.sdk -mmacosx-version-min=13.0 -std=c++17 -MD -MT CMakeFiles/cmTC_39e8f.dir/src.cxx.o -MF CMakeFiles/cmTC_39e8f.dir/src.cxx.o.d -o CMakeFiles/cmTC_39e8f.dir/src.cxx.o -c /Users/hritikbharucha/Desktop/C++/PleaseWork/build/CMakeFiles/CMakeScratch/TryCompile-YP3Vr9/src.cxx
Linking CXX executable cmTC_39e8f
/usr/local/Cellar/cmake/3.25.2/bin/cmake -E cmake_link_script CMakeFiles/cmTC_39e8f.dir/link.txt --verbose=1
/usr/bin/clang++  -Wall -Wextra -Werror  -isysroot /Library/Developer/CommandLineTools/SDKs/MacOSX13.1.sdk -mmacosx-version-min=13.0 -Wl,-search_paths_first -Wl,-headerpad_max_install_names CMakeFiles/cmTC_39e8f.dir/src.cxx.o -o cmTC_39e8f 


Source file was:
#include <atomic>
#include <cstdint>

int main(int, char **)
{
    volatile std::atomic<char>    size_1;
    volatile std::atomic<short>   size_2;
    volatile std::atomic<int>     size_4;
    volatile std::atomic<int64_t> size_8;

    ++size_1;
    ++size_2;
    ++size_4;
    ++size_8;

    (void)size_1.load(std::memory_order_relaxed);
    (void)size_2.load(std::memory_order_relaxed);
    (void)size_4.load(std::memory_order_relaxed);
    (void)size_8.load(std::memory_order_relaxed);

    return 0;
}

